C51 COMPILER V9.56.0.0   CONFIG                                                            06/05/2020 17:07:17 PAGE 1   


C51 COMPILER V9.56.0.0, COMPILATION OF MODULE CONFIG
OBJECT MODULE PLACED IN .\Objects\config.obj
COMPILER INVOKED BY: d:\Keil_C51\C51\BIN\C51.EXE prj\config.c ROM(SMALL) OPTIMIZE(8,SPEED) BROWSE DEBUG OBJECTEXTEND PRI
                    -NT(.\Listings\config.lst) TABS(2) OBJECT(.\Objects\config.obj)

line level    source

   1          #include "config.h"
   2          /*
   3          void delay_10us(u8 count)
   4          {
   5            u8 i;
   6            while(count--)
   7            {
   8              _nop_();
   9              _nop_();
  10              i = 11;
  11              while (--i);
  12            }
  13          }
  14          void delay_ms(u8 ms)
  15          {
  16            unsigned char i, j;
  17            while(ms--)
  18            {
  19              i = 6;
  20              j = 153;
  21              do
  22              {
  23                while (--j);
  24              } while (--i);
  25            }
  26          }
  27          */


MODULE INFORMATION:   STATIC OVERLAYABLE
   CODE SIZE        =   ----    ----
   CONSTANT SIZE    =   ----    ----
   XDATA SIZE       =   ----    ----
   PDATA SIZE       =   ----    ----
   DATA SIZE        =   ----    ----
   IDATA SIZE       =   ----    ----
   BIT SIZE         =   ----    ----
END OF MODULE INFORMATION.


C51 COMPILATION COMPLETE.  0 WARNING(S),  0 ERROR(S)
