C51 COMPILER V9.56.0.0   DEBUG                                                             06/05/2020 17:07:17 PAGE 1   


C51 COMPILER V9.56.0.0, COMPILATION OF MODULE DEBUG
OBJECT MODULE PLACED IN .\Objects\debug.obj
COMPILER INVOKED BY: d:\Keil_C51\C51\BIN\C51.EXE prj\debug.c ROM(SMALL) OPTIMIZE(8,SPEED) BROWSE DEBUG OBJECTEXTEND PRIN
                    -T(.\Listings\debug.lst) TABS(2) OBJECT(.\Objects\debug.obj)

line level    source

   1          #include "config.h"
   2          #include "debug.h"
   3          
   4          void UsartInit(void)    //9600bps@6.000MHz
   5          {
   6   1        PCON |= 0x80;   //????????SMOD
   7   1        SCON = 0x50;    //8???,?????
   8   1        AUXR |= 0x40;   //???1???Fosc,?1T
   9   1        AUXR &= 0xFE;   //??1?????1???????
  10   1        TMOD &= 0x0F;   //?????1???
  11   1        TMOD |= 0x20;   //?????1?8???????
  12   1        TL1 = 0xD9;   //??????
  13   1        TH1 = 0xD9;   //????????
  14   1        ET1 = 0;    //?????1??
  15   1        TR1 = 1;    //?????1
  16   1      }
  17          
  18          
  19          void UsartSendString(u8 *str)
  20          {
  21   1        while(*str)
  22   1        {
  23   2          SBUF = *str;
  24   2          while(!TI)  ;
  25   2          TI=0;
  26   2          str++;
  27   2        }
  28   1      }
  29          
  30          void UsartSendVar(u16 var)
  31          {
  32   1        u8 num[6];
  33   1        num[0]=var/10000+0x30;
  34   1        num[1]=var%10000/1000+0x30;
  35   1        num[2]=var%1000/100+0x30;
  36   1        num[3]=var%100/10+0x30;
  37   1        num[4]=var%10+0x30;
  38   1        num[5]='\0';
  39   1        debug(num);
  40   1      }


MODULE INFORMATION:   STATIC OVERLAYABLE
   CODE SIZE        =    155    ----
   CONSTANT SIZE    =   ----    ----
   XDATA SIZE       =   ----    ----
   PDATA SIZE       =   ----    ----
   DATA SIZE        =   ----       6
   IDATA SIZE       =   ----    ----
   BIT SIZE         =   ----    ----
END OF MODULE INFORMATION.


C51 COMPILATION COMPLETE.  0 WARNING(S),  0 ERROR(S)
